<?xml version="1.0" encoding="UTF-8"?>
<!-- Generated by org.testng.reporters.JUnitReportReporter -->
<testsuite name="login.Login_dp1" tests="6" time="19.978" ignored="0" failures="0" timestamp="09 May 2021 08:30:01 GMT" skipped="0" hostname="LAPTOP-COQHVDGR" errors="0">
  <testcase name="test_1" time="5.104" classname="login.Login_dp1"/>
  <testcase name="test_1" time="4.011" classname="login.Login_dp1"/>
  <testcase name="test_1" time="3.526" classname="login.Login_dp1"/>
  <testcase name="test_1" time="3.322" classname="login.Login_dp1"/>
  <testcase name="test_1" time="2.011" classname="login.Login_dp1"/>
  <testcase name="test_1" time="2.004" classname="login.Login_dp1"/>
</testsuite> <!-- login.Login_dp1 -->
