<?xml version="1.0" encoding="UTF-8"?>
<!-- Generated by org.testng.reporters.JUnitReportReporter -->
<testsuite name="users_Table.Users_Table" tests="5" time="16.811" ignored="0" failures="0" timestamp="10 May 2021 05:25:39 GMT" skipped="0" hostname="LAPTOP-COQHVDGR" errors="0">
  <testcase name="usersTable_1" time="3.065" classname="users_Table.Users_Table"/>
  <testcase name="usersTable_1" time="3.045" classname="users_Table.Users_Table"/>
  <testcase name="usersTable_1" time="3.063" classname="users_Table.Users_Table"/>
  <testcase name="usersTable_1" time="4.554" classname="users_Table.Users_Table"/>
  <testcase name="usersTable_1" time="3.084" classname="users_Table.Users_Table"/>
</testsuite> <!-- users_Table.Users_Table -->
