<?xml version="1.0" encoding="UTF-8"?>
<!-- Generated by org.testng.reporters.JUnitReportReporter -->
<testsuite name="Basic.Login_2" tests="6" time="13.419" ignored="0" failures="0" timestamp="26 Apr 2021 01:12:46 GMT" skipped="0" hostname="LAPTOP-COQHVDGR" errors="0">
  <testcase name="test_1" time="2.054" classname="Basic.Login_2"/>
  <testcase name="test_1" time="2.015" classname="Basic.Login_2"/>
  <testcase name="test_1" time="2.102" classname="Basic.Login_2"/>
  <testcase name="test_1" time="1.931" classname="Basic.Login_2"/>
  <testcase name="test_1" time="3.162" classname="Basic.Login_2"/>
  <testcase name="test_1" time="2.155" classname="Basic.Login_2"/>
</testsuite> <!-- Basic.Login_2 -->
