<?xml version="1.0" encoding="UTF-8"?>
<!-- Generated by org.testng.reporters.JUnitReportReporter -->
<testsuite name="Basic.SUNDAY_1" tests="1" time="3.505" ignored="0" failures="0" timestamp="23 Apr 2021 02:24:28 GMT" skipped="0" hostname="LAPTOP-COQHVDGR" errors="0">
  <testcase name="Verify_State_Name_table" time="3.505" classname="Basic.SUNDAY_1"/>
</testsuite> <!-- Basic.SUNDAY_1 -->
