<?xml version="1.0" encoding="UTF-8"?>
<!-- Generated by org.testng.reporters.JUnitReportReporter -->
<testsuite name="login.Login_1" tests="3" time="11.764" ignored="0" failures="0" timestamp="09 May 2021 08:30:01 GMT" skipped="0" hostname="LAPTOP-COQHVDGR" errors="0">
  <testcase name="LoginTest_4" time="3.018" classname="login.Login_1"/>
  <testcase name="LoginTest_4" time="3.411" classname="login.Login_1"/>
  <testcase name="LoginTest_4" time="5.335" classname="login.Login_1"/>
</testsuite> <!-- login.Login_1 -->
