<?xml version="1.0" encoding="UTF-8"?>
<!-- Generated by org.testng.reporters.JUnitReportReporter -->
<testsuite name="login.Login_3" tests="1" time="0.429" ignored="0" failures="0" timestamp="09 May 2021 08:30:01 GMT" skipped="0" hostname="LAPTOP-COQHVDGR" errors="0">
  <testcase name="getData" time="0.429" classname="login.Login_3"/>
</testsuite> <!-- login.Login_3 -->
