<?xml version="1.0" encoding="UTF-8"?>
<!-- Generated by org.testng.reporters.JUnitReportReporter -->
<testsuite name="Basic.Login_dp1" tests="6" time="13.195" ignored="0" failures="0" timestamp="26 Apr 2021 01:01:57 GMT" skipped="0" hostname="LAPTOP-COQHVDGR" errors="0">
  <testcase name="test_1" time="2.060" classname="Basic.Login_dp1"/>
  <testcase name="test_1" time="2.064" classname="Basic.Login_dp1"/>
  <testcase name="test_1" time="1.993" classname="Basic.Login_dp1"/>
  <testcase name="test_1" time="2.787" classname="Basic.Login_dp1"/>
  <testcase name="test_1" time="2.255" classname="Basic.Login_dp1"/>
  <testcase name="test_1" time="2.036" classname="Basic.Login_dp1"/>
</testsuite> <!-- Basic.Login_dp1 -->
