<?xml version="1.0" encoding="UTF-8"?>
<!-- Generated by org.testng.reporters.JUnitReportReporter -->
<testsuite name="register.RegisterNewMembership_3" tests="3" time="8.131" ignored="0" failures="0" timestamp="26 Apr 2021 15:44:26 GMT" skipped="0" hostname="LAPTOP-COQHVDGR" errors="0">
  <testcase name="RegisterTest_4" time="2.512" classname="register.RegisterNewMembership_3"/>
  <testcase name="RegisterTest_4" time="3.125" classname="register.RegisterNewMembership_3"/>
  <testcase name="RegisterTest_4" time="2.494" classname="register.RegisterNewMembership_3"/>
</testsuite> <!-- register.RegisterNewMembership_3 -->
