<?xml version="1.0" encoding="UTF-8"?>
<!-- Generated by org.testng.reporters.JUnitReportReporter -->
<testsuite name="basic.Read_POI" tests="1" time="0.590" ignored="0" failures="0" timestamp="01 May 2021 16:11:47 GMT" skipped="0" hostname="LAPTOP-COQHVDGR" errors="0">
  <testcase name="ReadExcel" time="0.590" classname="basic.Read_POI"/>
</testsuite> <!-- basic.Read_POI -->
