<?xml version="1.0" encoding="UTF-8"?>
<!-- Generated by org.testng.reporters.JUnitReportReporter -->
<testsuite name="Login.Login_dp1" tests="6" time="12.862" ignored="0" failures="0" timestamp="26 Apr 2021 11:26:07 GMT" skipped="0" hostname="LAPTOP-COQHVDGR" errors="0">
  <testcase name="test_1" time="1.950" classname="Login.Login_dp1"/>
  <testcase name="test_1" time="1.975" classname="Login.Login_dp1"/>
  <testcase name="test_1" time="2.008" classname="Login.Login_dp1"/>
  <testcase name="test_1" time="2.956" classname="Login.Login_dp1"/>
  <testcase name="test_1" time="2.005" classname="Login.Login_dp1"/>
  <testcase name="test_1" time="1.968" classname="Login.Login_dp1"/>
</testsuite> <!-- Login.Login_dp1 -->
