<?xml version="1.0" encoding="UTF-8"?>
<!-- Generated by org.testng.reporters.JUnitReportReporter -->
<testsuite name="basic.A" tests="1" time="0.541" ignored="0" failures="0" timestamp="01 May 2021 16:43:03 GMT" skipped="0" hostname="LAPTOP-COQHVDGR" errors="0">
  <testcase name="getData" time="0.541" classname="basic.A"/>
</testsuite> <!-- basic.A -->
