<?xml version="1.0" encoding="UTF-8"?>
<!-- Generated by org.testng.reporters.JUnitReportReporter -->
<testsuite name="login.Login_5" tests="6" time="12.959" ignored="0" failures="0" timestamp="26 Apr 2021 15:41:41 GMT" skipped="0" hostname="LAPTOP-COQHVDGR" errors="0">
  <testcase name="test_1" time="1.992" classname="login.Login_5"/>
  <testcase name="test_1" time="1.993" classname="login.Login_5"/>
  <testcase name="test_1" time="2.989" classname="login.Login_5"/>
  <testcase name="test_1" time="1.951" classname="login.Login_5"/>
  <testcase name="test_1" time="2.048" classname="login.Login_5"/>
  <testcase name="test_1" time="1.986" classname="login.Login_5"/>
</testsuite> <!-- login.Login_5 -->
