<?xml version="1.0" encoding="UTF-8"?>
<!-- Generated by org.testng.reporters.JUnitReportReporter -->
<testsuite name="Basic.RegisterNewMembership_1" tests="3" time="7.690" ignored="0" failures="0" timestamp="26 Apr 2021 07:25:34 GMT" skipped="0" hostname="LAPTOP-COQHVDGR" errors="0">
  <testcase name="RegisterTest_1" time="3.055" classname="Basic.RegisterNewMembership_1"/>
  <testcase name="RegisterTest_1" time="2.234" classname="Basic.RegisterNewMembership_1"/>
  <testcase name="RegisterTest_1" time="2.401" classname="Basic.RegisterNewMembership_1"/>
</testsuite> <!-- Basic.RegisterNewMembership_1 -->
