<?xml version="1.0" encoding="UTF-8"?>
<!-- Generated by org.testng.reporters.JUnitReportReporter -->
<testsuite name="login.Login_2" tests="6" time="21.736" ignored="0" failures="0" timestamp="09 May 2021 08:30:01 GMT" skipped="0" hostname="LAPTOP-COQHVDGR" errors="0">
  <testcase name="test_1" time="3.563" classname="login.Login_2"/>
  <testcase name="test_1" time="3.270" classname="login.Login_2"/>
  <testcase name="test_1" time="3.143" classname="login.Login_2"/>
  <testcase name="test_1" time="3.169" classname="login.Login_2"/>
  <testcase name="test_1" time="3.362" classname="login.Login_2"/>
  <testcase name="test_1" time="5.229" classname="login.Login_2"/>
</testsuite> <!-- login.Login_2 -->
