<?xml version="1.0" encoding="UTF-8"?>
<!-- Generated by org.testng.reporters.JUnitReportReporter -->
<testsuite name="users_Table.Users_Table" tests="5" time="29.931" ignored="0" failures="0" timestamp="09 May 2021 08:31:46 GMT" skipped="0" hostname="LAPTOP-COQHVDGR" errors="0">
  <testcase name="usersTable_1" time="6.091" classname="users_Table.Users_Table"/>
  <testcase name="usersTable_1" time="5.169" classname="users_Table.Users_Table"/>
  <testcase name="usersTable_1" time="7.161" classname="users_Table.Users_Table"/>
  <testcase name="usersTable_1" time="5.644" classname="users_Table.Users_Table"/>
  <testcase name="usersTable_1" time="5.866" classname="users_Table.Users_Table"/>
</testsuite> <!-- users_Table.Users_Table -->
