<?xml version="1.0" encoding="UTF-8"?>
<!-- Generated by org.testng.reporters.JUnitReportReporter -->
<testsuite name="Basic.Login_3" tests="1" time="0.329" ignored="0" failures="0" timestamp="26 Apr 2021 01:10:26 GMT" skipped="0" hostname="LAPTOP-COQHVDGR" errors="0">
  <testcase name="getData" time="0.329" classname="Basic.Login_3"/>
</testsuite> <!-- Basic.Login_3 -->
