<?xml version="1.0" encoding="UTF-8"?>
<!-- Generated by org.testng.reporters.JUnitReportReporter -->
<testsuite name="login.Login_6" tests="3" time="12.143" ignored="0" failures="0" timestamp="09 May 2021 08:30:01 GMT" skipped="0" hostname="LAPTOP-COQHVDGR" errors="0">
  <testcase name="test_1" time="5.177" classname="login.Login_6"/>
  <testcase name="test_1" time="3.524" classname="login.Login_6"/>
  <testcase name="test_1" time="3.442" classname="login.Login_6"/>
</testsuite> <!-- login.Login_6 -->
