<?xml version="1.0" encoding="UTF-8"?>
<!-- Generated by org.testng.reporters.JUnitReportReporter -->
<testsuite name="Basic.Login_1" tests="3" time="7.204" ignored="0" failures="0" timestamp="26 Apr 2021 00:54:44 GMT" skipped="0" hostname="LAPTOP-COQHVDGR" errors="0">
  <testcase name="LoginTest_4" time="3.055" classname="Basic.Login_1"/>
  <testcase name="LoginTest_4" time="2.094" classname="Basic.Login_1"/>
  <testcase name="LoginTest_4" time="2.055" classname="Basic.Login_1"/>
</testsuite> <!-- Basic.Login_1 -->
