<?xml version="1.0" encoding="UTF-8"?>
<!-- Generated by org.testng.reporters.JUnitReportReporter -->
<testsuite name="Basic.Login_4" tests="1" time="0.682" ignored="0" failures="0" timestamp="26 Apr 2021 01:08:06 GMT" skipped="0" hostname="LAPTOP-COQHVDGR" errors="0">
  <testcase name="getData" time="0.682" classname="Basic.Login_4"/>
</testsuite> <!-- Basic.Login_4 -->
