<?xml version="1.0" encoding="UTF-8"?>
<!-- Generated by org.testng.reporters.JUnitReportReporter -->
<testsuite name="login.Login_5" tests="6" time="23.704" ignored="0" failures="0" timestamp="09 May 2021 08:30:01 GMT" skipped="0" hostname="LAPTOP-COQHVDGR" errors="0">
  <testcase name="test_1" time="3.113" classname="login.Login_5"/>
  <testcase name="test_1" time="3.656" classname="login.Login_5"/>
  <testcase name="test_1" time="3.700" classname="login.Login_5"/>
  <testcase name="test_1" time="3.725" classname="login.Login_5"/>
  <testcase name="test_1" time="3.426" classname="login.Login_5"/>
  <testcase name="test_1" time="6.084" classname="login.Login_5"/>
</testsuite> <!-- login.Login_5 -->
