<?xml version="1.0" encoding="UTF-8"?>
<!-- Generated by org.testng.reporters.JUnitReportReporter -->
<testsuite name="Basic.Login_dp" tests="1" time="4.313" ignored="0" failures="0" timestamp="26 Apr 2021 00:48:23 GMT" skipped="0" hostname="LAPTOP-COQHVDGR" errors="0">
  <testcase name="loginTest" time="4.313" classname="Basic.Login_dp"/>
</testsuite> <!-- Basic.Login_dp -->
