<?xml version="1.0" encoding="UTF-8"?>
<!-- Generated by org.testng.reporters.JUnitReportReporter -->
<testsuite name="register.RegisterNewMembership_1" tests="3" time="8.232" ignored="0" failures="0" timestamp="26 Apr 2021 15:49:10 GMT" skipped="0" hostname="LAPTOP-COQHVDGR" errors="0">
  <testcase name="RegisterTest_1" time="2.496" classname="register.RegisterNewMembership_1"/>
  <testcase name="RegisterTest_1" time="3.248" classname="register.RegisterNewMembership_1"/>
  <testcase name="RegisterTest_1" time="2.488" classname="register.RegisterNewMembership_1"/>
</testsuite> <!-- register.RegisterNewMembership_1 -->
