<?xml version="1.0" encoding="UTF-8"?>
<!-- Generated by org.testng.reporters.JUnitReportReporter -->
<testsuite name="login.Login_6" tests="3" time="7.286" ignored="0" failures="0" timestamp="26 Apr 2021 15:38:11 GMT" skipped="0" hostname="LAPTOP-COQHVDGR" errors="0">
  <testcase name="test_1" time="1.904" classname="login.Login_6"/>
  <testcase name="test_1" time="3.345" classname="login.Login_6"/>
  <testcase name="test_1" time="2.037" classname="login.Login_6"/>
</testsuite> <!-- login.Login_6 -->
