<?xml version="1.0" encoding="UTF-8"?>
<!-- Generated by org.testng.reporters.JUnitReportReporter -->
<testsuite name="basic.DahboardPage" tests="1" time="0.000" ignored="0" failures="0" timestamp="01 May 2021 16:45:20 GMT" skipped="1" hostname="LAPTOP-COQHVDGR" errors="0">
  <testcase name="Dahboard_Page" time="0.000" classname="basic.DahboardPage">
    <skipped/>
  </testcase> <!-- Dahboard_Page -->
</testsuite> <!-- basic.DahboardPage -->
