<?xml version="1.0" encoding="UTF-8"?>
<!-- Generated by org.testng.reporters.JUnitReportReporter -->
<testsuite name="login.Login_5" tests="1" time="3.792" ignored="0" failures="0" timestamp="09 May 2021 19:31:03 GMT" skipped="0" hostname="LAPTOP-COQHVDGR" errors="0">
  <testcase name="test_1" time="3.792" classname="login.Login_5"/>
</testsuite> <!-- login.Login_5 -->
