<?xml version="1.0" encoding="UTF-8"?>
<!-- Generated by org.testng.reporters.JUnitReportReporter -->
<testsuite name="login.Login_1" tests="3" time="11.911" ignored="0" failures="0" timestamp="09 May 2021 18:42:23 GMT" skipped="0" hostname="LAPTOP-COQHVDGR" errors="0">
  <testcase name="LoginTest_4" time="3.027" classname="login.Login_1"/>
  <testcase name="LoginTest_4" time="2.715" classname="login.Login_1"/>
  <testcase name="LoginTest_4" time="6.169" classname="login.Login_1"/>
</testsuite> <!-- login.Login_1 -->
