<?xml version="1.0" encoding="UTF-8"?>
<!-- Generated by org.testng.reporters.JUnitReportReporter -->
<testsuite name="Basic.Login" tests="1" time="4.361" ignored="0" failures="0" timestamp="26 Apr 2021 01:21:26 GMT" skipped="0" hostname="LAPTOP-COQHVDGR" errors="0">
  <testcase name="loginTest" time="4.361" classname="Basic.Login"/>
</testsuite> <!-- Basic.Login -->
