<?xml version="1.0" encoding="UTF-8"?>
<!-- Generated by org.testng.reporters.JUnitReportReporter -->
<testsuite name="users_Table.Users_Table" tests="5" time="15.309" ignored="0" failures="0" timestamp="26 Apr 2021 15:59:04 GMT" skipped="0" hostname="LAPTOP-COQHVDGR" errors="0">
  <testcase name="usersTable_1" time="3.739" classname="users_Table.Users_Table"/>
  <testcase name="usersTable_1" time="2.877" classname="users_Table.Users_Table"/>
  <testcase name="usersTable_1" time="2.976" classname="users_Table.Users_Table"/>
  <testcase name="usersTable_1" time="2.889" classname="users_Table.Users_Table"/>
  <testcase name="usersTable_1" time="2.828" classname="users_Table.Users_Table"/>
</testsuite> <!-- users_Table.Users_Table -->
