<?xml version="1.0" encoding="UTF-8"?>
<!-- Generated by org.testng.reporters.JUnitReportReporter -->
<testsuite name="Basic.RegisterNewMembership_3" tests="3" time="8.192" ignored="0" failures="0" timestamp="26 Apr 2021 01:44:04 GMT" skipped="0" hostname="LAPTOP-COQHVDGR" errors="0">
  <testcase name="RegisterTest_4" time="2.455" classname="Basic.RegisterNewMembership_3"/>
  <testcase name="RegisterTest_4" time="3.226" classname="Basic.RegisterNewMembership_3"/>
  <testcase name="RegisterTest_4" time="2.511" classname="Basic.RegisterNewMembership_3"/>
</testsuite> <!-- Basic.RegisterNewMembership_3 -->
